2025-07-02 15:09:38 - PHP Notice:  Undefined index: height in E:\laragon\www\opencart\customdesign3038\system\storage\modification\admin\model\catalog\product.php on line 93
2025-07-02 15:09:38 - PHP Notice:  Undefined index: width in E:\laragon\www\opencart\customdesign3038\system\storage\modification\admin\model\catalog\product.php on line 93
2025-07-02 15:09:38 - PHP Notice:  Undefined index: height in E:\laragon\www\opencart\customdesign3038\system\storage\modification\admin\model\catalog\product.php on line 93
2025-07-02 15:09:38 - PHP Notice:  Undefined index: width in E:\laragon\www\opencart\customdesign3038\system\storage\modification\admin\model\catalog\product.php on line 93
2025-07-02 15:11:37 - PHP Notice:  Undefined index: height in E:\laragon\www\opencart\customdesign3038\system\storage\modification\admin\model\catalog\product.php on line 262
2025-07-02 15:11:37 - PHP Notice:  Undefined index: width in E:\laragon\www\opencart\customdesign3038\system\storage\modification\admin\model\catalog\product.php on line 262
2025-07-02 15:11:37 - PHP Notice:  Undefined index: height in E:\laragon\www\opencart\customdesign3038\system\storage\modification\admin\model\catalog\product.php on line 262
2025-07-02 15:11:37 - PHP Notice:  Undefined index: width in E:\laragon\www\opencart\customdesign3038\system\storage\modification\admin\model\catalog\product.php on line 262
2025-07-02 16:34:37 - PHP Notice:  Undefined index: custom_data in E:\laragon\www\opencart\customdesign3038\system\storage\modification\admin\controller\catalog\product.php on line 493
2025-07-04 6:15:21 - PHP Notice:  Undefined index: custom in E:\laragon\www\opencart\customdesign3038\system\storage\modification\catalog\controller\checkout\cart.php on line 297
2025-07-04 6:15:43 - PHP Notice:  Undefined index: custom in E:\laragon\www\opencart\customdesign3038\system\storage\modification\catalog\controller\checkout\cart.php on line 297
2025-07-04 6:44:52 - PHP Notice:  Undefined index: custom_data in E:\laragon\www\opencart\customdesign3038\system\storage\modification\catalog\controller\common\cart.php on line 99
2025-07-04 6:47:37 - PHP Notice:  Undefined index: custom_data in E:\laragon\www\opencart\customdesign3038\system\storage\modification\catalog\controller\common\cart.php on line 99
2025-07-04 6:47:49 - PHP Notice:  Undefined index: custom_data in E:\laragon\www\opencart\customdesign3038\system\storage\modification\catalog\controller\common\cart.php on line 99
2025-07-04 6:51:15 - PHP Warning:  Invalid argument supplied for foreach() in E:\laragon\www\opencart\customdesign3038\system\storage\modification\catalog\model\checkout\order.php on line 16
2025-07-04 7:14:20 - PHP Notice:  Undefined index: custom_data in E:\laragon\www\opencart\customdesign3038\system\storage\modification\catalog\model\checkout\order.php on line 4
2025-07-04 7:20:04 - PHP Notice:  Undefined index: custom_data in E:\laragon\www\opencart\customdesign3038\system\storage\modification\catalog\model\checkout\order.php on line 4
2025-07-04 7:28:11 - PHP Notice:  Undefined index: custom_data in E:\laragon\www\opencart\customdesign3038\system\storage\modification\catalog\model\checkout\order.php on line 4
2025-07-04 7:36:49 - PHP Warning:  mysqli::real_escape_string() expects parameter 1 to be string, array given in E:\laragon\www\opencart\customdesign3038\system\library\db\mysqli.php on line 53
2025-07-04 7:38:19 - PHP Warning:  mysqli::real_escape_string() expects parameter 1 to be string, array given in E:\laragon\www\opencart\customdesign3038\system\library\db\mysqli.php on line 53
2025-07-04 7:39:34 - PHP Notice:  Undefined index: custom_field in E:\laragon\www\opencart\customdesign3038\system\storage\modification\catalog\model\checkout\order.php on line 204
2025-07-04 7:39:35 - PHP Notice:  Undefined index: custom_field in E:\laragon\www\opencart\customdesign3038\system\storage\modification\catalog\model\checkout\order.php on line 204
2025-07-04 7:39:35 - PHP Notice:  Undefined index: custom_field in E:\laragon\www\opencart\customdesign3038\system\storage\modification\catalog\model\checkout\order.php on line 204
2025-07-04 7:39:35 - PHP Notice:  Undefined index: custom_field in E:\laragon\www\opencart\customdesign3038\system\storage\modification\catalog\model\checkout\order.php on line 204
2025-07-04 7:39:35 - PHP Notice:  Undefined index: custom_field in E:\laragon\www\opencart\customdesign3038\system\storage\modification\catalog\model\checkout\order.php on line 204
2025-07-04 10:32:31 - PHP Notice:  Undefined index: name in E:\laragon\www\opencart\customdesign3038\system\storage\modification\catalog\controller\account\order.php on line 253
2025-07-04 10:32:31 - PHP Notice:  Undefined index: value in E:\laragon\www\opencart\customdesign3038\system\storage\modification\catalog\controller\account\order.php on line 254
2025-07-04 13:09:05 - PHP Notice:  Undefined index: restrict_text_size in E:\laragon\www\opencart\customdesign3038\system\storage\modification\admin\controller\catalog\product.php on line 1025
2025-07-04 14:24:01 - PHP Notice:  Undefined variable: product_info in E:\laragon\www\opencart\customdesign3038\system\storage\modification\admin\controller\catalog\product.php on line 690
2025-07-04 14:24:01 - PHP Notice:  Trying to access array offset on value of type null in E:\laragon\www\opencart\customdesign3038\system\storage\modification\admin\controller\catalog\product.php on line 690
2025-07-04 14:24:01 - PHP Notice:  Undefined index: product_id in E:\laragon\www\opencart\customdesign3038\system\storage\modification\admin\controller\catalog\product.php on line 1052
2025-07-04 14:26:06 - PHP Notice:  Undefined index: product_id in E:\laragon\www\opencart\customdesign3038\system\storage\modification\admin\controller\catalog\product.php on line 1054
2025-07-04 14:44:12 - PHP Notice:  Undefined index: name in E:\laragon\www\opencart\customdesign3038\system\storage\modification\catalog\controller\account\order.php on line 253
2025-07-04 14:44:12 - PHP Notice:  Undefined index: value in E:\laragon\www\opencart\customdesign3038\system\storage\modification\catalog\controller\account\order.php on line 254
2025-07-04 15:19:52 - PHP Notice:  Undefined index: custom_field in E:\laragon\www\opencart\customdesign3038\system\storage\modification\admin\model\sale\order.php on line 87
2025-07-04 15:19:52 - PHP Notice:  Undefined index: value in E:\laragon\www\opencart\customdesign3038\system\storage\modification\admin\controller\sale\order.php on line 946
2025-07-04 15:19:52 - PHP Notice:  Undefined index: name in E:\laragon\www\opencart\customdesign3038\system\storage\modification\admin\controller\sale\order.php on line 955
2025-07-04 15:19:52 - PHP Notice:  Undefined index: value in E:\laragon\www\opencart\customdesign3038\system\storage\modification\admin\controller\sale\order.php on line 956
2025-07-04 15:30:18 - PHP Notice:  Undefined index: custom_field in E:\laragon\www\opencart\customdesign3038\system\storage\modification\admin\model\sale\order.php on line 87
2025-07-04 15:31:49 - PHP Notice:  Undefined index: custom_field in E:\laragon\www\opencart\customdesign3038\system\storage\modification\admin\controller\sale\order.php on line 1051
2025-07-04 15:33:04 - PHP Notice:  Undefined index: custom_field in E:\laragon\www\opencart\customdesign3038\system\storage\modification\admin\model\sale\order.php on line 87
2025-07-04 15:36:37 - PHP Notice:  Undefined index: custom_field in E:\laragon\www\opencart\customdesign3038\system\storage\modification\admin\model\sale\order.php on line 87
2025-07-04 15:43:48 - PHP Notice:  Undefined index: custom_field in E:\laragon\www\opencart\customdesign3038\system\storage\modification\admin\model\sale\order.php on line 87
2025-07-04 15:44:34 - PHP Notice:  Undefined index: custom_field in E:\laragon\www\opencart\customdesign3038\system\storage\modification\admin\model\sale\order.php on line 87
2025-07-04 15:45:22 - PHP Notice:  Undefined index: custom_field in E:\laragon\www\opencart\customdesign3038\system\storage\modification\admin\model\sale\order.php on line 87
2025-07-04 15:49:42 - PHP Notice:  Undefined index: custom_field in E:\laragon\www\opencart\customdesign3038\system\storage\modification\admin\model\sale\order.php on line 87
2025-07-04 15:51:45 - PHP Notice:  Undefined index: custom_field in E:\laragon\www\opencart\customdesign3038\system\storage\modification\admin\model\sale\order.php on line 87
2025-07-04 16:11:23 - PHP Notice:  Undefined index: custom_field in E:\laragon\www\opencart\customdesign3038\system\storage\modification\admin\model\sale\order.php on line 87
2025-07-04 16:12:53 - PHP Notice:  Undefined index: custom_field in E:\laragon\www\opencart\customdesign3038\system\storage\modification\admin\model\sale\order.php on line 87
2025-07-04 16:13:50 - PHP Notice:  Undefined index: custom_field in E:\laragon\www\opencart\customdesign3038\system\storage\modification\admin\model\sale\order.php on line 87
2025-07-04 16:16:38 - PHP Notice:  Undefined variable: cart_id in E:\laragon\www\opencart\customdesign3038\system\storage\modification\catalog\controller\product\product.php on line 73
2025-07-04 16:24:29 - PHP Notice:  Undefined index: custom_field in E:\laragon\www\opencart\customdesign3038\system\storage\modification\admin\model\sale\order.php on line 87
2025-07-04 16:28:44 - PHP Notice:  Undefined index: custom_field in E:\laragon\www\opencart\customdesign3038\system\storage\modification\admin\model\sale\order.php on line 87
2025-07-07 15:18:49 - PHP Warning:  unlink(E:/laragon/www/opencart/customdesign3038/system/storage/cache/cache.stock_status.1.1751653899): Permission denied in E:\laragon\www\opencart\customdesign3038\system\library\cache\file.php on line 17
2025-07-07 15:42:38 - PHP Notice:  Undefined index: custom_field in E:\laragon\www\opencart\customdesign3038\admin\model\sale\order.php on line 87
2025-07-07 15:53:29 - PHP Notice:  Undefined index: custom_field in E:\laragon\www\opencart\customdesign3038\admin\model\sale\order.php on line 87
2025-07-07 15:54:14 - PHP Notice:  Undefined index: custom_field in E:\laragon\www\opencart\customdesign3038\admin\model\sale\order.php on line 87
2025-07-07 18:20:33 - PHP Notice:  Undefined index: custom_field in E:\laragon\www\opencart\customdesign3038\admin\model\sale\order.php on line 87
2025-07-07 18:41:48 - PHP Notice:  Undefined index: custom_field in E:\laragon\www\opencart\customdesign3038\admin\model\sale\order.php on line 87
2025-07-08 17:35:37 - PHP Notice:  Undefined index: custom_field in E:\laragon\www\opencart\customdesign3038\admin\model\sale\order.php on line 87
2025-07-08 17:37:20 - PHP Notice:  Undefined index: custom_field in E:\laragon\www\opencart\customdesign3038\admin\model\sale\order.php on line 87
2025-07-08 17:38:17 - PHP Notice:  Undefined index: custom_field in E:\laragon\www\opencart\customdesign3038\admin\model\sale\order.php on line 87
2025-07-08 18:16:01 - PHP Notice:  Undefined index: restrict_text_size in E:\laragon\www\opencart\customdesign3038\admin\controller\catalog\product.php on line 1063
2025-07-08 18:16:01 - PHP Notice:  Undefined index: restrict_text_rotation in E:\laragon\www\opencart\customdesign3038\admin\controller\catalog\product.php on line 1071
2025-07-08 18:16:01 - PHP Notice:  Undefined index: restrict_text_position in E:\laragon\www\opencart\customdesign3038\admin\controller\catalog\product.php on line 1079
2025-07-08 18:16:01 - PHP Notice:  Undefined index: restrict_text_font in E:\laragon\www\opencart\customdesign3038\admin\controller\catalog\product.php on line 1087
2025-07-08 18:16:01 - PHP Notice:  Undefined index: restrict_image_upload in E:\laragon\www\opencart\customdesign3038\admin\controller\catalog\product.php on line 1095
2025-07-08 18:16:01 - PHP Notice:  Undefined index: restrict_image_rotation in E:\laragon\www\opencart\customdesign3038\admin\controller\catalog\product.php on line 1103
2025-07-08 18:16:01 - PHP Notice:  Undefined index: restrict_image_position in E:\laragon\www\opencart\customdesign3038\admin\controller\catalog\product.php on line 1111
2025-07-08 18:16:10 - PHP Notice:  Undefined index: restrict_text_size in E:\laragon\www\opencart\customdesign3038\admin\controller\catalog\product.php on line 1063
2025-07-08 18:16:10 - PHP Notice:  Undefined index: restrict_text_rotation in E:\laragon\www\opencart\customdesign3038\admin\controller\catalog\product.php on line 1071
2025-07-08 18:16:10 - PHP Notice:  Undefined index: restrict_text_position in E:\laragon\www\opencart\customdesign3038\admin\controller\catalog\product.php on line 1079
2025-07-08 18:16:10 - PHP Notice:  Undefined index: restrict_text_font in E:\laragon\www\opencart\customdesign3038\admin\controller\catalog\product.php on line 1087
2025-07-08 18:16:10 - PHP Notice:  Undefined index: restrict_image_upload in E:\laragon\www\opencart\customdesign3038\admin\controller\catalog\product.php on line 1095
2025-07-08 18:16:10 - PHP Notice:  Undefined index: restrict_image_rotation in E:\laragon\www\opencart\customdesign3038\admin\controller\catalog\product.php on line 1103
2025-07-08 18:16:10 - PHP Notice:  Undefined index: restrict_image_position in E:\laragon\www\opencart\customdesign3038\admin\controller\catalog\product.php on line 1111
2025-07-08 18:18:11 - PHP Notice:  Undefined index: restrict_text_size in E:\laragon\www\opencart\customdesign3038\admin\controller\catalog\product.php on line 1063
2025-07-08 18:18:11 - PHP Notice:  Undefined index: restrict_text_rotation in E:\laragon\www\opencart\customdesign3038\admin\controller\catalog\product.php on line 1071
2025-07-08 18:18:11 - PHP Notice:  Undefined index: restrict_text_position in E:\laragon\www\opencart\customdesign3038\admin\controller\catalog\product.php on line 1079
2025-07-08 18:18:11 - PHP Notice:  Undefined index: restrict_text_font in E:\laragon\www\opencart\customdesign3038\admin\controller\catalog\product.php on line 1087
2025-07-08 18:18:11 - PHP Notice:  Undefined index: restrict_image_upload in E:\laragon\www\opencart\customdesign3038\admin\controller\catalog\product.php on line 1095
2025-07-08 18:18:11 - PHP Notice:  Undefined index: restrict_image_rotation in E:\laragon\www\opencart\customdesign3038\admin\controller\catalog\product.php on line 1103
2025-07-08 18:18:11 - PHP Notice:  Undefined index: restrict_image_position in E:\laragon\www\opencart\customdesign3038\admin\controller\catalog\product.php on line 1111
2025-07-08 18:23:59 - PHP Notice:  Undefined index: restrict_text_size in E:\laragon\www\opencart\customdesign3038\admin\controller\catalog\product.php on line 1063
2025-07-08 18:23:59 - PHP Notice:  Undefined index: restrict_text_rotation in E:\laragon\www\opencart\customdesign3038\admin\controller\catalog\product.php on line 1071
2025-07-08 18:23:59 - PHP Notice:  Undefined index: restrict_text_position in E:\laragon\www\opencart\customdesign3038\admin\controller\catalog\product.php on line 1079
2025-07-08 18:23:59 - PHP Notice:  Undefined index: restrict_text_font in E:\laragon\www\opencart\customdesign3038\admin\controller\catalog\product.php on line 1087
2025-07-08 18:23:59 - PHP Notice:  Undefined index: restrict_image_upload in E:\laragon\www\opencart\customdesign3038\admin\controller\catalog\product.php on line 1095
2025-07-08 18:23:59 - PHP Notice:  Undefined index: restrict_image_rotation in E:\laragon\www\opencart\customdesign3038\admin\controller\catalog\product.php on line 1103
2025-07-08 18:23:59 - PHP Notice:  Undefined index: restrict_image_position in E:\laragon\www\opencart\customdesign3038\admin\controller\catalog\product.php on line 1111
2025-07-08 18:24:11 - PHP Notice:  Undefined index: restrict_text_size in E:\laragon\www\opencart\customdesign3038\admin\controller\catalog\product.php on line 1063
2025-07-08 18:24:11 - PHP Notice:  Undefined index: restrict_text_rotation in E:\laragon\www\opencart\customdesign3038\admin\controller\catalog\product.php on line 1071
2025-07-08 18:24:11 - PHP Notice:  Undefined index: restrict_text_position in E:\laragon\www\opencart\customdesign3038\admin\controller\catalog\product.php on line 1079
2025-07-08 18:24:11 - PHP Notice:  Undefined index: restrict_text_font in E:\laragon\www\opencart\customdesign3038\admin\controller\catalog\product.php on line 1087
2025-07-08 18:24:11 - PHP Notice:  Undefined index: restrict_image_upload in E:\laragon\www\opencart\customdesign3038\admin\controller\catalog\product.php on line 1095
2025-07-08 18:24:11 - PHP Notice:  Undefined index: restrict_image_rotation in E:\laragon\www\opencart\customdesign3038\admin\controller\catalog\product.php on line 1103
2025-07-08 18:24:11 - PHP Notice:  Undefined index: restrict_image_position in E:\laragon\www\opencart\customdesign3038\admin\controller\catalog\product.php on line 1111
2025-07-08 18:43:27 - PHP Notice:  Undefined index: custom_data in E:\laragon\www\opencart\customdesign3038\admin\controller\catalog\product.php on line 1050
2025-07-08 18:43:37 - PHP Notice:  Undefined index: restrict_text_size in E:\laragon\www\opencart\customdesign3038\admin\controller\catalog\product.php on line 1063
2025-07-08 18:43:37 - PHP Notice:  Undefined index: restrict_text_rotation in E:\laragon\www\opencart\customdesign3038\admin\controller\catalog\product.php on line 1071
2025-07-08 18:43:37 - PHP Notice:  Undefined index: restrict_text_position in E:\laragon\www\opencart\customdesign3038\admin\controller\catalog\product.php on line 1079
2025-07-08 18:43:37 - PHP Notice:  Undefined index: restrict_text_font in E:\laragon\www\opencart\customdesign3038\admin\controller\catalog\product.php on line 1087
2025-07-08 18:43:37 - PHP Notice:  Undefined index: restrict_image_upload in E:\laragon\www\opencart\customdesign3038\admin\controller\catalog\product.php on line 1095
2025-07-08 18:43:37 - PHP Notice:  Undefined index: restrict_image_rotation in E:\laragon\www\opencart\customdesign3038\admin\controller\catalog\product.php on line 1103
2025-07-08 18:43:37 - PHP Notice:  Undefined index: restrict_image_position in E:\laragon\www\opencart\customdesign3038\admin\controller\catalog\product.php on line 1111
2025-07-08 18:45:53 - PHP Notice:  Undefined index: restrict_text_size in E:\laragon\www\opencart\customdesign3038\admin\controller\catalog\product.php on line 1063
2025-07-08 18:45:53 - PHP Notice:  Undefined index: restrict_text_rotation in E:\laragon\www\opencart\customdesign3038\admin\controller\catalog\product.php on line 1071
2025-07-08 18:45:53 - PHP Notice:  Undefined index: restrict_text_position in E:\laragon\www\opencart\customdesign3038\admin\controller\catalog\product.php on line 1079
2025-07-08 18:45:53 - PHP Notice:  Undefined index: restrict_text_font in E:\laragon\www\opencart\customdesign3038\admin\controller\catalog\product.php on line 1087
2025-07-08 18:45:53 - PHP Notice:  Undefined index: restrict_image_upload in E:\laragon\www\opencart\customdesign3038\admin\controller\catalog\product.php on line 1095
2025-07-08 18:45:53 - PHP Notice:  Undefined index: restrict_image_rotation in E:\laragon\www\opencart\customdesign3038\admin\controller\catalog\product.php on line 1103
2025-07-08 18:45:53 - PHP Notice:  Undefined index: restrict_image_position in E:\laragon\www\opencart\customdesign3038\admin\controller\catalog\product.php on line 1111
2025-07-08 18:45:55 - PHP Notice:  Undefined index: restrict_text_size in E:\laragon\www\opencart\customdesign3038\admin\controller\catalog\product.php on line 1063
2025-07-08 18:45:55 - PHP Notice:  Undefined index: restrict_text_rotation in E:\laragon\www\opencart\customdesign3038\admin\controller\catalog\product.php on line 1071
2025-07-08 18:45:55 - PHP Notice:  Undefined index: restrict_text_position in E:\laragon\www\opencart\customdesign3038\admin\controller\catalog\product.php on line 1079
2025-07-08 18:45:55 - PHP Notice:  Undefined index: restrict_text_font in E:\laragon\www\opencart\customdesign3038\admin\controller\catalog\product.php on line 1087
2025-07-08 18:45:55 - PHP Notice:  Undefined index: restrict_image_upload in E:\laragon\www\opencart\customdesign3038\admin\controller\catalog\product.php on line 1095
2025-07-08 18:45:55 - PHP Notice:  Undefined index: restrict_image_rotation in E:\laragon\www\opencart\customdesign3038\admin\controller\catalog\product.php on line 1103
2025-07-08 18:45:55 - PHP Notice:  Undefined index: restrict_image_position in E:\laragon\www\opencart\customdesign3038\admin\controller\catalog\product.php on line 1111
2025-07-08 18:47:02 - PHP Notice:  Undefined index: restrict_text_size in E:\laragon\www\opencart\customdesign3038\admin\controller\catalog\product.php on line 1063
2025-07-08 18:47:02 - PHP Notice:  Undefined index: restrict_text_rotation in E:\laragon\www\opencart\customdesign3038\admin\controller\catalog\product.php on line 1071
2025-07-08 18:47:02 - PHP Notice:  Undefined index: restrict_text_position in E:\laragon\www\opencart\customdesign3038\admin\controller\catalog\product.php on line 1079
2025-07-08 18:47:02 - PHP Notice:  Undefined index: restrict_text_font in E:\laragon\www\opencart\customdesign3038\admin\controller\catalog\product.php on line 1087
2025-07-08 18:47:02 - PHP Notice:  Undefined index: restrict_image_upload in E:\laragon\www\opencart\customdesign3038\admin\controller\catalog\product.php on line 1095
2025-07-08 18:47:02 - PHP Notice:  Undefined index: restrict_image_rotation in E:\laragon\www\opencart\customdesign3038\admin\controller\catalog\product.php on line 1103
2025-07-08 18:47:02 - PHP Notice:  Undefined index: restrict_image_position in E:\laragon\www\opencart\customdesign3038\admin\controller\catalog\product.php on line 1111
2025-07-08 18:47:04 - PHP Notice:  Undefined index: restrict_text_size in E:\laragon\www\opencart\customdesign3038\admin\controller\catalog\product.php on line 1063
2025-07-08 18:47:04 - PHP Notice:  Undefined index: restrict_text_rotation in E:\laragon\www\opencart\customdesign3038\admin\controller\catalog\product.php on line 1071
2025-07-08 18:47:04 - PHP Notice:  Undefined index: restrict_text_position in E:\laragon\www\opencart\customdesign3038\admin\controller\catalog\product.php on line 1079
2025-07-08 18:47:04 - PHP Notice:  Undefined index: restrict_text_font in E:\laragon\www\opencart\customdesign3038\admin\controller\catalog\product.php on line 1087
2025-07-08 18:47:04 - PHP Notice:  Undefined index: restrict_image_upload in E:\laragon\www\opencart\customdesign3038\admin\controller\catalog\product.php on line 1095
2025-07-08 18:47:04 - PHP Notice:  Undefined index: restrict_image_rotation in E:\laragon\www\opencart\customdesign3038\admin\controller\catalog\product.php on line 1103
2025-07-08 18:47:04 - PHP Notice:  Undefined index: restrict_image_position in E:\laragon\www\opencart\customdesign3038\admin\controller\catalog\product.php on line 1111
2025-07-08 18:47:21 - PHP Notice:  Undefined index: restrict_text_size in E:\laragon\www\opencart\customdesign3038\admin\controller\catalog\product.php on line 1063
2025-07-08 18:47:21 - PHP Notice:  Undefined index: restrict_text_rotation in E:\laragon\www\opencart\customdesign3038\admin\controller\catalog\product.php on line 1071
2025-07-08 18:47:21 - PHP Notice:  Undefined index: restrict_text_position in E:\laragon\www\opencart\customdesign3038\admin\controller\catalog\product.php on line 1079
2025-07-08 18:47:21 - PHP Notice:  Undefined index: restrict_text_font in E:\laragon\www\opencart\customdesign3038\admin\controller\catalog\product.php on line 1087
2025-07-08 18:47:21 - PHP Notice:  Undefined index: restrict_image_upload in E:\laragon\www\opencart\customdesign3038\admin\controller\catalog\product.php on line 1095
2025-07-08 18:47:21 - PHP Notice:  Undefined index: restrict_image_rotation in E:\laragon\www\opencart\customdesign3038\admin\controller\catalog\product.php on line 1103
2025-07-08 18:47:21 - PHP Notice:  Undefined index: restrict_image_position in E:\laragon\www\opencart\customdesign3038\admin\controller\catalog\product.php on line 1111
2025-07-08 18:47:24 - PHP Notice:  Undefined index: restrict_text_size in E:\laragon\www\opencart\customdesign3038\admin\controller\catalog\product.php on line 1063
2025-07-08 18:47:24 - PHP Notice:  Undefined index: restrict_text_rotation in E:\laragon\www\opencart\customdesign3038\admin\controller\catalog\product.php on line 1071
2025-07-08 18:47:24 - PHP Notice:  Undefined index: restrict_text_position in E:\laragon\www\opencart\customdesign3038\admin\controller\catalog\product.php on line 1079
2025-07-08 18:47:24 - PHP Notice:  Undefined index: restrict_text_font in E:\laragon\www\opencart\customdesign3038\admin\controller\catalog\product.php on line 1087
2025-07-08 18:47:24 - PHP Notice:  Undefined index: restrict_image_upload in E:\laragon\www\opencart\customdesign3038\admin\controller\catalog\product.php on line 1095
2025-07-08 18:47:24 - PHP Notice:  Undefined index: restrict_image_rotation in E:\laragon\www\opencart\customdesign3038\admin\controller\catalog\product.php on line 1103
2025-07-08 18:47:24 - PHP Notice:  Undefined index: restrict_image_position in E:\laragon\www\opencart\customdesign3038\admin\controller\catalog\product.php on line 1111
2025-07-08 18:50:36 - PHP Notice:  Undefined index: restrict_text_size in E:\laragon\www\opencart\customdesign3038\admin\controller\catalog\product.php on line 1063
2025-07-08 18:50:36 - PHP Notice:  Undefined index: restrict_text_rotation in E:\laragon\www\opencart\customdesign3038\admin\controller\catalog\product.php on line 1071
2025-07-08 18:50:36 - PHP Notice:  Undefined index: restrict_text_position in E:\laragon\www\opencart\customdesign3038\admin\controller\catalog\product.php on line 1079
2025-07-08 18:50:36 - PHP Notice:  Undefined index: restrict_text_font in E:\laragon\www\opencart\customdesign3038\admin\controller\catalog\product.php on line 1087
2025-07-08 18:50:36 - PHP Notice:  Undefined index: restrict_image_upload in E:\laragon\www\opencart\customdesign3038\admin\controller\catalog\product.php on line 1095
2025-07-08 18:50:36 - PHP Notice:  Undefined index: restrict_image_rotation in E:\laragon\www\opencart\customdesign3038\admin\controller\catalog\product.php on line 1103
2025-07-08 18:50:36 - PHP Notice:  Undefined index: restrict_image_position in E:\laragon\www\opencart\customdesign3038\admin\controller\catalog\product.php on line 1111
2025-07-08 18:50:38 - PHP Notice:  Undefined index: restrict_text_size in E:\laragon\www\opencart\customdesign3038\admin\controller\catalog\product.php on line 1063
2025-07-08 18:50:38 - PHP Notice:  Undefined index: restrict_text_rotation in E:\laragon\www\opencart\customdesign3038\admin\controller\catalog\product.php on line 1071
2025-07-08 18:50:38 - PHP Notice:  Undefined index: restrict_text_position in E:\laragon\www\opencart\customdesign3038\admin\controller\catalog\product.php on line 1079
2025-07-08 18:50:38 - PHP Notice:  Undefined index: restrict_text_font in E:\laragon\www\opencart\customdesign3038\admin\controller\catalog\product.php on line 1087
2025-07-08 18:50:38 - PHP Notice:  Undefined index: restrict_image_upload in E:\laragon\www\opencart\customdesign3038\admin\controller\catalog\product.php on line 1095
2025-07-08 18:50:38 - PHP Notice:  Undefined index: restrict_image_rotation in E:\laragon\www\opencart\customdesign3038\admin\controller\catalog\product.php on line 1103
2025-07-08 18:50:38 - PHP Notice:  Undefined index: restrict_image_position in E:\laragon\www\opencart\customdesign3038\admin\controller\catalog\product.php on line 1111
2025-07-08 18:51:04 - PHP Notice:  Undefined index: restrict_text_size in E:\laragon\www\opencart\customdesign3038\admin\controller\catalog\product.php on line 1063
2025-07-08 18:51:04 - PHP Notice:  Undefined index: restrict_text_rotation in E:\laragon\www\opencart\customdesign3038\admin\controller\catalog\product.php on line 1071
2025-07-08 18:51:04 - PHP Notice:  Undefined index: restrict_text_position in E:\laragon\www\opencart\customdesign3038\admin\controller\catalog\product.php on line 1079
2025-07-08 18:51:04 - PHP Notice:  Undefined index: restrict_text_font in E:\laragon\www\opencart\customdesign3038\admin\controller\catalog\product.php on line 1087
2025-07-08 18:51:04 - PHP Notice:  Undefined index: restrict_image_upload in E:\laragon\www\opencart\customdesign3038\admin\controller\catalog\product.php on line 1095
2025-07-08 18:51:04 - PHP Notice:  Undefined index: restrict_image_rotation in E:\laragon\www\opencart\customdesign3038\admin\controller\catalog\product.php on line 1103
2025-07-08 18:51:04 - PHP Notice:  Undefined index: restrict_image_position in E:\laragon\www\opencart\customdesign3038\admin\controller\catalog\product.php on line 1111
2025-07-08 18:51:44 - PHP Notice:  Undefined index: restrict_text_size in E:\laragon\www\opencart\customdesign3038\admin\controller\catalog\product.php on line 1063
2025-07-08 18:51:44 - PHP Notice:  Undefined index: restrict_text_rotation in E:\laragon\www\opencart\customdesign3038\admin\controller\catalog\product.php on line 1071
2025-07-08 18:51:44 - PHP Notice:  Undefined index: restrict_text_position in E:\laragon\www\opencart\customdesign3038\admin\controller\catalog\product.php on line 1079
2025-07-08 18:51:44 - PHP Notice:  Undefined index: restrict_text_font in E:\laragon\www\opencart\customdesign3038\admin\controller\catalog\product.php on line 1087
2025-07-08 18:51:44 - PHP Notice:  Undefined index: restrict_image_upload in E:\laragon\www\opencart\customdesign3038\admin\controller\catalog\product.php on line 1095
2025-07-08 18:51:44 - PHP Notice:  Undefined index: restrict_image_rotation in E:\laragon\www\opencart\customdesign3038\admin\controller\catalog\product.php on line 1103
2025-07-08 18:51:44 - PHP Notice:  Undefined index: restrict_image_position in E:\laragon\www\opencart\customdesign3038\admin\controller\catalog\product.php on line 1111
2025-07-08 18:52:19 - PHP Notice:  Undefined index: restrict_text_size in E:\laragon\www\opencart\customdesign3038\admin\controller\catalog\product.php on line 1063
2025-07-08 18:52:19 - PHP Notice:  Undefined index: restrict_text_rotation in E:\laragon\www\opencart\customdesign3038\admin\controller\catalog\product.php on line 1071
2025-07-08 18:52:19 - PHP Notice:  Undefined index: restrict_text_position in E:\laragon\www\opencart\customdesign3038\admin\controller\catalog\product.php on line 1079
2025-07-08 18:52:19 - PHP Notice:  Undefined index: restrict_text_font in E:\laragon\www\opencart\customdesign3038\admin\controller\catalog\product.php on line 1087
2025-07-08 18:52:19 - PHP Notice:  Undefined index: restrict_image_upload in E:\laragon\www\opencart\customdesign3038\admin\controller\catalog\product.php on line 1095
2025-07-08 18:52:19 - PHP Notice:  Undefined index: restrict_image_rotation in E:\laragon\www\opencart\customdesign3038\admin\controller\catalog\product.php on line 1103
2025-07-08 18:52:19 - PHP Notice:  Undefined index: restrict_image_position in E:\laragon\www\opencart\customdesign3038\admin\controller\catalog\product.php on line 1111
2025-07-08 18:59:48 - PHP Notice:  Undefined index: restrict_text_size in E:\laragon\www\opencart\customdesign3038\admin\controller\catalog\product.php on line 1063
2025-07-08 18:59:48 - PHP Notice:  Undefined index: restrict_text_rotation in E:\laragon\www\opencart\customdesign3038\admin\controller\catalog\product.php on line 1071
2025-07-08 18:59:48 - PHP Notice:  Undefined index: restrict_text_position in E:\laragon\www\opencart\customdesign3038\admin\controller\catalog\product.php on line 1079
2025-07-08 18:59:48 - PHP Notice:  Undefined index: restrict_text_font in E:\laragon\www\opencart\customdesign3038\admin\controller\catalog\product.php on line 1087
2025-07-08 18:59:48 - PHP Notice:  Undefined index: restrict_image_upload in E:\laragon\www\opencart\customdesign3038\admin\controller\catalog\product.php on line 1095
2025-07-08 18:59:48 - PHP Notice:  Undefined index: restrict_image_rotation in E:\laragon\www\opencart\customdesign3038\admin\controller\catalog\product.php on line 1103
2025-07-08 18:59:48 - PHP Notice:  Undefined index: restrict_image_position in E:\laragon\www\opencart\customdesign3038\admin\controller\catalog\product.php on line 1111
2025-07-08 18:59:54 - PHP Notice:  Undefined index: restrict_text_size in E:\laragon\www\opencart\customdesign3038\admin\controller\catalog\product.php on line 1063
2025-07-08 18:59:54 - PHP Notice:  Undefined index: restrict_text_rotation in E:\laragon\www\opencart\customdesign3038\admin\controller\catalog\product.php on line 1071
2025-07-08 18:59:54 - PHP Notice:  Undefined index: restrict_text_position in E:\laragon\www\opencart\customdesign3038\admin\controller\catalog\product.php on line 1079
2025-07-08 18:59:54 - PHP Notice:  Undefined index: restrict_text_font in E:\laragon\www\opencart\customdesign3038\admin\controller\catalog\product.php on line 1087
2025-07-08 18:59:54 - PHP Notice:  Undefined index: restrict_image_upload in E:\laragon\www\opencart\customdesign3038\admin\controller\catalog\product.php on line 1095
2025-07-08 18:59:54 - PHP Notice:  Undefined index: restrict_image_rotation in E:\laragon\www\opencart\customdesign3038\admin\controller\catalog\product.php on line 1103
2025-07-08 18:59:54 - PHP Notice:  Undefined index: restrict_image_position in E:\laragon\www\opencart\customdesign3038\admin\controller\catalog\product.php on line 1111
2025-07-08 19:00:40 - PHP Notice:  Undefined index: restrict_text_size in E:\laragon\www\opencart\customdesign3038\admin\controller\catalog\product.php on line 1063
2025-07-08 19:00:40 - PHP Notice:  Undefined index: restrict_text_rotation in E:\laragon\www\opencart\customdesign3038\admin\controller\catalog\product.php on line 1071
2025-07-08 19:00:40 - PHP Notice:  Undefined index: restrict_text_position in E:\laragon\www\opencart\customdesign3038\admin\controller\catalog\product.php on line 1079
2025-07-08 19:00:40 - PHP Notice:  Undefined index: restrict_text_font in E:\laragon\www\opencart\customdesign3038\admin\controller\catalog\product.php on line 1087
2025-07-08 19:00:40 - PHP Notice:  Undefined index: restrict_image_upload in E:\laragon\www\opencart\customdesign3038\admin\controller\catalog\product.php on line 1095
2025-07-08 19:00:40 - PHP Notice:  Undefined index: restrict_image_rotation in E:\laragon\www\opencart\customdesign3038\admin\controller\catalog\product.php on line 1103
2025-07-08 19:00:40 - PHP Notice:  Undefined index: restrict_image_position in E:\laragon\www\opencart\customdesign3038\admin\controller\catalog\product.php on line 1111
2025-07-08 19:00:42 - PHP Notice:  Undefined index: restrict_text_size in E:\laragon\www\opencart\customdesign3038\admin\controller\catalog\product.php on line 1063
2025-07-08 19:00:42 - PHP Notice:  Undefined index: restrict_text_rotation in E:\laragon\www\opencart\customdesign3038\admin\controller\catalog\product.php on line 1071
2025-07-08 19:00:42 - PHP Notice:  Undefined index: restrict_text_position in E:\laragon\www\opencart\customdesign3038\admin\controller\catalog\product.php on line 1079
2025-07-08 19:00:42 - PHP Notice:  Undefined index: restrict_text_font in E:\laragon\www\opencart\customdesign3038\admin\controller\catalog\product.php on line 1087
2025-07-08 19:00:42 - PHP Notice:  Undefined index: restrict_image_upload in E:\laragon\www\opencart\customdesign3038\admin\controller\catalog\product.php on line 1095
2025-07-08 19:00:42 - PHP Notice:  Undefined index: restrict_image_rotation in E:\laragon\www\opencart\customdesign3038\admin\controller\catalog\product.php on line 1103
2025-07-08 19:00:42 - PHP Notice:  Undefined index: restrict_image_position in E:\laragon\www\opencart\customdesign3038\admin\controller\catalog\product.php on line 1111
2025-07-08 19:01:16 - PHP Notice:  Undefined index: restrict_text_size in E:\laragon\www\opencart\customdesign3038\admin\controller\catalog\product.php on line 1063
2025-07-08 19:01:16 - PHP Notice:  Undefined index: restrict_text_rotation in E:\laragon\www\opencart\customdesign3038\admin\controller\catalog\product.php on line 1071
2025-07-08 19:01:16 - PHP Notice:  Undefined index: restrict_text_position in E:\laragon\www\opencart\customdesign3038\admin\controller\catalog\product.php on line 1079
2025-07-08 19:01:16 - PHP Notice:  Undefined index: restrict_text_font in E:\laragon\www\opencart\customdesign3038\admin\controller\catalog\product.php on line 1087
2025-07-08 19:01:16 - PHP Notice:  Undefined index: restrict_image_upload in E:\laragon\www\opencart\customdesign3038\admin\controller\catalog\product.php on line 1095
2025-07-08 19:01:16 - PHP Notice:  Undefined index: restrict_image_rotation in E:\laragon\www\opencart\customdesign3038\admin\controller\catalog\product.php on line 1103
2025-07-08 19:01:16 - PHP Notice:  Undefined index: restrict_image_position in E:\laragon\www\opencart\customdesign3038\admin\controller\catalog\product.php on line 1111
2025-07-08 19:04:12 - PHP Notice:  Undefined index: restrict_text_size in E:\laragon\www\opencart\customdesign3038\admin\controller\catalog\product.php on line 1063
2025-07-08 19:04:12 - PHP Notice:  Undefined index: restrict_text_rotation in E:\laragon\www\opencart\customdesign3038\admin\controller\catalog\product.php on line 1071
2025-07-08 19:04:12 - PHP Notice:  Undefined index: restrict_text_position in E:\laragon\www\opencart\customdesign3038\admin\controller\catalog\product.php on line 1079
2025-07-08 19:04:12 - PHP Notice:  Undefined index: restrict_text_font in E:\laragon\www\opencart\customdesign3038\admin\controller\catalog\product.php on line 1087
2025-07-08 19:04:12 - PHP Notice:  Undefined index: restrict_image_upload in E:\laragon\www\opencart\customdesign3038\admin\controller\catalog\product.php on line 1095
2025-07-08 19:04:12 - PHP Notice:  Undefined index: restrict_image_rotation in E:\laragon\www\opencart\customdesign3038\admin\controller\catalog\product.php on line 1103
2025-07-08 19:04:12 - PHP Notice:  Undefined index: restrict_image_position in E:\laragon\www\opencart\customdesign3038\admin\controller\catalog\product.php on line 1111
2025-07-08 19:06:34 - PHP Notice:  Undefined index: restrict_text_size in E:\laragon\www\opencart\customdesign3038\admin\controller\catalog\product.php on line 1063
2025-07-08 19:06:34 - PHP Notice:  Undefined index: restrict_text_rotation in E:\laragon\www\opencart\customdesign3038\admin\controller\catalog\product.php on line 1071
2025-07-08 19:06:34 - PHP Notice:  Undefined index: restrict_text_position in E:\laragon\www\opencart\customdesign3038\admin\controller\catalog\product.php on line 1079
2025-07-08 19:06:34 - PHP Notice:  Undefined index: restrict_text_font in E:\laragon\www\opencart\customdesign3038\admin\controller\catalog\product.php on line 1087
2025-07-08 19:06:34 - PHP Notice:  Undefined index: restrict_image_upload in E:\laragon\www\opencart\customdesign3038\admin\controller\catalog\product.php on line 1095
2025-07-08 19:06:34 - PHP Notice:  Undefined index: restrict_image_rotation in E:\laragon\www\opencart\customdesign3038\admin\controller\catalog\product.php on line 1103
2025-07-08 19:06:34 - PHP Notice:  Undefined index: restrict_image_position in E:\laragon\www\opencart\customdesign3038\admin\controller\catalog\product.php on line 1111
2025-07-08 19:06:38 - PHP Notice:  Undefined index: restrict_text_size in E:\laragon\www\opencart\customdesign3038\admin\controller\catalog\product.php on line 1063
2025-07-08 19:06:38 - PHP Notice:  Undefined index: restrict_text_rotation in E:\laragon\www\opencart\customdesign3038\admin\controller\catalog\product.php on line 1071
2025-07-08 19:06:38 - PHP Notice:  Undefined index: restrict_text_position in E:\laragon\www\opencart\customdesign3038\admin\controller\catalog\product.php on line 1079
2025-07-08 19:06:38 - PHP Notice:  Undefined index: restrict_text_font in E:\laragon\www\opencart\customdesign3038\admin\controller\catalog\product.php on line 1087
2025-07-08 19:06:38 - PHP Notice:  Undefined index: restrict_image_upload in E:\laragon\www\opencart\customdesign3038\admin\controller\catalog\product.php on line 1095
2025-07-08 19:06:38 - PHP Notice:  Undefined index: restrict_image_rotation in E:\laragon\www\opencart\customdesign3038\admin\controller\catalog\product.php on line 1103
2025-07-08 19:06:38 - PHP Notice:  Undefined index: restrict_image_position in E:\laragon\www\opencart\customdesign3038\admin\controller\catalog\product.php on line 1111
2025-07-08 19:12:17 - PHP Notice:  Undefined index: restrict_text_size in E:\laragon\www\opencart\customdesign3038\admin\controller\catalog\product.php on line 1063
2025-07-08 19:12:17 - PHP Notice:  Undefined index: restrict_text_rotation in E:\laragon\www\opencart\customdesign3038\admin\controller\catalog\product.php on line 1071
2025-07-08 19:12:17 - PHP Notice:  Undefined index: restrict_text_position in E:\laragon\www\opencart\customdesign3038\admin\controller\catalog\product.php on line 1079
2025-07-08 19:12:17 - PHP Notice:  Undefined index: restrict_text_font in E:\laragon\www\opencart\customdesign3038\admin\controller\catalog\product.php on line 1087
2025-07-08 19:12:17 - PHP Notice:  Undefined index: restrict_image_upload in E:\laragon\www\opencart\customdesign3038\admin\controller\catalog\product.php on line 1095
2025-07-08 19:12:17 - PHP Notice:  Undefined index: restrict_image_rotation in E:\laragon\www\opencart\customdesign3038\admin\controller\catalog\product.php on line 1103
2025-07-08 19:12:17 - PHP Notice:  Undefined index: restrict_image_position in E:\laragon\www\opencart\customdesign3038\admin\controller\catalog\product.php on line 1111
2025-07-08 19:13:13 - PHP Notice:  Undefined index: restrict_text_size in E:\laragon\www\opencart\customdesign3038\admin\controller\catalog\product.php on line 1063
2025-07-08 19:13:13 - PHP Notice:  Undefined index: restrict_text_rotation in E:\laragon\www\opencart\customdesign3038\admin\controller\catalog\product.php on line 1071
2025-07-08 19:13:13 - PHP Notice:  Undefined index: restrict_text_position in E:\laragon\www\opencart\customdesign3038\admin\controller\catalog\product.php on line 1079
2025-07-08 19:13:13 - PHP Notice:  Undefined index: restrict_text_font in E:\laragon\www\opencart\customdesign3038\admin\controller\catalog\product.php on line 1087
2025-07-08 19:13:13 - PHP Notice:  Undefined index: restrict_image_upload in E:\laragon\www\opencart\customdesign3038\admin\controller\catalog\product.php on line 1095
2025-07-08 19:13:13 - PHP Notice:  Undefined index: restrict_image_rotation in E:\laragon\www\opencart\customdesign3038\admin\controller\catalog\product.php on line 1103
2025-07-08 19:13:13 - PHP Notice:  Undefined index: restrict_image_position in E:\laragon\www\opencart\customdesign3038\admin\controller\catalog\product.php on line 1111
2025-07-08 19:21:41 - PHP Notice:  Undefined index: restrict_text_size in E:\laragon\www\opencart\customdesign3038\admin\controller\catalog\product.php on line 1063
2025-07-08 19:21:41 - PHP Notice:  Undefined index: restrict_text_rotation in E:\laragon\www\opencart\customdesign3038\admin\controller\catalog\product.php on line 1071
2025-07-08 19:21:41 - PHP Notice:  Undefined index: restrict_text_position in E:\laragon\www\opencart\customdesign3038\admin\controller\catalog\product.php on line 1079
2025-07-08 19:21:41 - PHP Notice:  Undefined index: restrict_text_font in E:\laragon\www\opencart\customdesign3038\admin\controller\catalog\product.php on line 1087
2025-07-08 19:21:41 - PHP Notice:  Undefined index: restrict_image_upload in E:\laragon\www\opencart\customdesign3038\admin\controller\catalog\product.php on line 1095
2025-07-08 19:21:41 - PHP Notice:  Undefined index: restrict_image_rotation in E:\laragon\www\opencart\customdesign3038\admin\controller\catalog\product.php on line 1103
2025-07-08 19:21:41 - PHP Notice:  Undefined index: restrict_image_position in E:\laragon\www\opencart\customdesign3038\admin\controller\catalog\product.php on line 1111
2025-07-08 19:25:42 - PHP Notice:  Undefined index: restrict_text_size in E:\laragon\www\opencart\customdesign3038\admin\controller\catalog\product.php on line 1063
2025-07-08 19:25:42 - PHP Notice:  Undefined index: restrict_text_rotation in E:\laragon\www\opencart\customdesign3038\admin\controller\catalog\product.php on line 1071
2025-07-08 19:25:42 - PHP Notice:  Undefined index: restrict_text_position in E:\laragon\www\opencart\customdesign3038\admin\controller\catalog\product.php on line 1079
2025-07-08 19:25:42 - PHP Notice:  Undefined index: restrict_text_font in E:\laragon\www\opencart\customdesign3038\admin\controller\catalog\product.php on line 1087
2025-07-08 19:25:42 - PHP Notice:  Undefined index: restrict_image_upload in E:\laragon\www\opencart\customdesign3038\admin\controller\catalog\product.php on line 1095
2025-07-08 19:25:42 - PHP Notice:  Undefined index: restrict_image_rotation in E:\laragon\www\opencart\customdesign3038\admin\controller\catalog\product.php on line 1103
2025-07-08 19:25:42 - PHP Notice:  Undefined index: restrict_image_position in E:\laragon\www\opencart\customdesign3038\admin\controller\catalog\product.php on line 1111
2025-07-09 10:55:57 - PHP Notice:  Undefined index: custom_field in E:\laragon\www\opencart\customdesign3038\admin\model\sale\order.php on line 87
2025-07-09 12:27:07 - PHP Notice:  Undefined index: custom_field in E:\laragon\www\opencart\customdesign3038\admin\model\sale\order.php on line 87
2025-07-09 12:27:07 - PHP Notice:  Undefined variable: custom_data in E:\laragon\www\opencart\customdesign3038\admin\controller\sale\order.php on line 983
2025-07-09 12:28:04 - PHP Notice:  Undefined index: custom_field in E:\laragon\www\opencart\customdesign3038\admin\model\sale\order.php on line 87
2025-07-09 15:17:03 - PHP Warning:  Use of undefined constant HTTP_CATALOG - assumed 'HTTP_CATALOG' (this will throw an Error in a future version of PHP) in E:\laragon\www\opencart\customdesign3038\catalog\controller\product\product.php on line 504
2025-07-09 15:23:21 - PHP Notice:  Undefined index: custom_field in E:\laragon\www\opencart\customdesign3038\admin\model\sale\order.php on line 87
2025-07-09 15:27:33 - PHP Notice:  Undefined index: custom_field in E:\laragon\www\opencart\customdesign3038\admin\model\sale\order.php on line 87
2025-07-10 11:01:56 - PHP Notice:  Undefined index: restrict_text_size in E:\laragon\www\opencart\customdesign3038\admin\controller\catalog\product.php on line 1062
2025-07-10 11:01:56 - PHP Notice:  Undefined index: restrict_text_rotation in E:\laragon\www\opencart\customdesign3038\admin\controller\catalog\product.php on line 1070
2025-07-10 11:01:56 - PHP Notice:  Undefined index: restrict_text_position in E:\laragon\www\opencart\customdesign3038\admin\controller\catalog\product.php on line 1078
2025-07-10 11:01:56 - PHP Notice:  Undefined index: restrict_text_font in E:\laragon\www\opencart\customdesign3038\admin\controller\catalog\product.php on line 1086
2025-07-10 11:01:56 - PHP Notice:  Undefined index: restrict_image_upload in E:\laragon\www\opencart\customdesign3038\admin\controller\catalog\product.php on line 1094
2025-07-10 11:01:56 - PHP Notice:  Undefined index: restrict_image_rotation in E:\laragon\www\opencart\customdesign3038\admin\controller\catalog\product.php on line 1102
2025-07-10 11:01:56 - PHP Notice:  Undefined index: restrict_image_position in E:\laragon\www\opencart\customdesign3038\admin\controller\catalog\product.php on line 1110
2025-07-10 12:09:22 - PHP Notice:  Undefined index: restrict_text_rotation in E:\laragon\www\opencart\customdesign3038\admin\model\catalog\product.php on line 268
2025-07-10 12:09:22 - PHP Notice:  Undefined index: restrict_image_upload in E:\laragon\www\opencart\customdesign3038\admin\model\catalog\product.php on line 268
2025-07-10 12:09:22 - PHP Notice:  Undefined index: restrict_image_rotation in E:\laragon\www\opencart\customdesign3038\admin\model\catalog\product.php on line 268
2025-07-10 12:19:40 - PHP Notice:  Undefined index: restrict_add_element in E:\laragon\www\opencart\customdesign3038\admin\controller\catalog\product.php on line 1062
2025-07-10 12:19:40 - PHP Notice:  Undefined index: restrict_text_size in E:\laragon\www\opencart\customdesign3038\admin\controller\catalog\product.php on line 1070
2025-07-10 12:19:40 - PHP Notice:  Undefined index: restrict_text_color in E:\laragon\www\opencart\customdesign3038\admin\controller\catalog\product.php on line 1078
2025-07-10 12:19:40 - PHP Notice:  Undefined index: restrict_text_position in E:\laragon\www\opencart\customdesign3038\admin\controller\catalog\product.php on line 1086
2025-07-10 12:19:40 - PHP Notice:  Undefined index: restrict_text_font in E:\laragon\www\opencart\customdesign3038\admin\controller\catalog\product.php on line 1094
2025-07-10 12:19:40 - PHP Notice:  Undefined index: restrict_image_position in E:\laragon\www\opencart\customdesign3038\admin\controller\catalog\product.php on line 1118
2025-07-10 12:53:05 - PHP Notice:  Undefined index: restrict_text_rotation in E:\laragon\www\opencart\customdesign3038\admin\controller\catalog\product.php on line 1086
2025-07-10 12:53:05 - PHP Notice:  Undefined index: restrict_image_rotation in E:\laragon\www\opencart\customdesign3038\admin\controller\catalog\product.php on line 1118
2025-07-10 16:38:33 - PHP Notice:  Undefined index: custom_field in E:\laragon\www\opencart\customdesign3038\admin\model\sale\order.php on line 87
